<?xml version="1.0" encoding="UTF-8"?>
<!-- Generated by org.testng.reporters.JUnitReportReporter -->
<testsuite hostname="DESKTOP-6GK8DDT" failures="0" tests="1" name="titleandurl.VerifyHomepage" time="17.551" errors="0" timestamp="2024-10-03T11:22:11 BDT" skipped="0">
  <testcase classname="titleandurl.VerifyHomepage" name="verifyHomepageTitleAndURL" time="17.551"/>
  <system-out/>
</testsuite> <!-- titleandurl.VerifyHomepage -->
